
ASEM-51 V1.3                                         Copyright (c) 2002 by W.W. Heinz                                         PAGE 1





       MCS-51 Family Macro Assembler   A S E M - 5 1   V 1.3
       =====================================================



	Source File:	demo\main.c
	Object File:	demo\main.hex
	List File:	demo\main.lst



 Line  I  Addr  Code            Source

    1:				#include "main.h"
				^
			  @@@@@ illegal statement syntax @@@@@

    2:
    3:				sbit led1 = P1^3;
				     ^
			  @@@@@ illegal statement syntax @@@@@

    4:
    5:				void delay_ms(int t)
				     ^
			  @@@@@ illegal statement syntax @@@@@

    6:				{
				^
			  @@@@@ illegal character @@@@@

    7:				    int i,j;
					^
			  @@@@@ illegal statement syntax @@@@@

    8:				    for(i=0;i<1000;i++)
				       ^
			  @@@@@ illegal statement syntax @@@@@

    9:				        for(j=0;j<t;j++)
					   ^
			  @@@@@ illegal statement syntax @@@@@

   10:				            ;
   11:				}
				^
			  @@@@@ illegal character @@@@@

   12:				void main()
				     ^
			  @@@@@ illegal statement syntax @@@@@

   13:				{
				^
			  @@@@@ illegal character @@@@@


ASEM-51 V1.3                                         Copyright (c) 2002 by W.W. Heinz                                         PAGE 2



 Line  I  Addr  Code            Source

   14:				    led1 = 1;
					 ^
			  @@@@@ illegal statement syntax @@@@@

   15:				    while(1)
					 ^
			  @@@@@ illegal statement syntax @@@@@

   16:				    {
				    ^
			  @@@@@ illegal character @@@@@

   17:				        led1 = ~led1;
					     ^
			  @@@@@ illegal statement syntax @@@@@

   18:				        delay_ms(30);
						^
			  @@@@@ illegal statement syntax @@@@@

   19:				    }
				    ^
			  @@@@@ illegal character @@@@@

   20:				}
				^
			  @@@@@ illegal character @@@@@

				^
			  @@@@@ no END statement found @@@@@






                     register banks used:  ---

                     18 errors detected




ASEM-51 V1.3                                         Copyright (c) 2002 by W.W. Heinz                                         PAGE 3





	       L I S T   O F   S Y M B O L S
	       =============================


SYMBOL				  TYPE     VALUE	LINE
------------------------------------------------------------
??ASEM_51			  NUMBER    8051
??VERSION			  NUMBER    0130
AC				  BIT	      D6
ACC				  DATA	      E0
B				  DATA	      F0
CY				  BIT	      D7
DPH				  DATA	      83
DPL				  DATA	      82
EA				  BIT	      AF
ES				  BIT	      AC
ET0				  BIT	      A9
ET1				  BIT	      AB
EX0				  BIT	      A8
EX1				  BIT	      AA
EXTI0				  CODE	    0003
EXTI1				  CODE	    0013
F0				  BIT	      D5
IE				  DATA	      A8
IE0				  BIT	      89
IE1				  BIT	      8B
INT0				  BIT	      B2
INT1				  BIT	      B3
IP				  DATA	      B8
IT0				  BIT	      88
IT1				  BIT	      8A
OV				  BIT	      D2
P				  BIT	      D0
P0				  DATA	      80
P1				  DATA	      90
P2				  DATA	      A0
P3				  DATA	      B0
PCON				  DATA	      87
PS				  BIT	      BC
PSW				  DATA	      D0
PT0				  BIT	      B9
PT1				  BIT	      BB
PX0				  BIT	      B8
PX1				  BIT	      BA
RB8				  BIT	      9A
RD				  BIT	      B7
REN				  BIT	      9C
RESET				  CODE	    0000
RI				  BIT	      98
RS0				  BIT	      D3
RS1				  BIT	      D4
RXD				  BIT	      B0
SBUF				  DATA	      99
SCON				  DATA	      98
SINT				  CODE	    0023
SM0				  BIT	      9F

ASEM-51 V1.3                                         Copyright (c) 2002 by W.W. Heinz                                         PAGE 4



SYMBOL				  TYPE     VALUE	LINE
------------------------------------------------------------
SM1				  BIT	      9E
SM2				  BIT	      9D
SP				  DATA	      81
T0				  BIT	      B4
T1				  BIT	      B5
TB8				  BIT	      9B
TCON				  DATA	      88
TF0				  BIT	      8D
TF1				  BIT	      8F
TH0				  DATA	      8C
TH1				  DATA	      8D
TI				  BIT	      99
TIMER0				  CODE	    000B
TIMER1				  CODE	    001B
TL0				  DATA	      8A
TL1				  DATA	      8B
TMOD				  DATA	      89
TR0				  BIT	      8C
TR1				  BIT	      8E
TXD				  BIT	      B1
WR				  BIT	      B6
